Library/Bee/Android/Prj/IL2CPP/Gradle/launcher/build/intermediates/manifest_merge_blame_file/release/processReleaseMainManifest/manifest-merger-blame-release-report.txt
1<?xml version="1.0" encoding="utf-8"?>
2<manifest xmlns:android="http://schemas.android.com/apk/res/android"
3    package="com.zihanw_rit_uncanneyValley"
4    android:installLocation="auto"
5    android:versionCode="1"
6    android:versionName="0.1" >
7
8    <uses-sdk
9        android:minSdkVersion="29"
10        android:targetSdkVersion="32" />
11
12    <supports-screens
12-->src/main/AndroidManifest.xml:4:3-163
13        android:anyDensity="true"
13-->src/main/AndroidManifest.xml:4:135-160
14        android:largeScreens="true"
14-->src/main/AndroidManifest.xml:4:78-105
15        android:normalScreens="true"
15-->src/main/AndroidManifest.xml:4:49-77
16        android:smallScreens="true"
16-->src/main/AndroidManifest.xml:4:21-48
17        android:xlargeScreens="true" />
17-->src/main/AndroidManifest.xml:4:106-134
18
19    <uses-permission android:name="android.permission.INTERNET" />
19-->[:unityLibrary] AndroidManifest.xml:9:5-67
19-->[:unityLibrary] AndroidManifest.xml:9:22-64
20    <uses-permission android:name="android.permission.ACCESS_NETWORK_STATE" />
20-->[:unityLibrary] AndroidManifest.xml:10:5-79
20-->[:unityLibrary] AndroidManifest.xml:10:22-76
21    <uses-permission android:name="android.permission.RECORD_AUDIO" />
21-->[:unityLibrary] AndroidManifest.xml:11:5-71
21-->[:unityLibrary] AndroidManifest.xml:11:22-68
22    <uses-permission android:name="android.permission.MODIFY_AUDIO_SETTINGS" />
22-->[:unityLibrary] AndroidManifest.xml:12:5-80
22-->[:unityLibrary] AndroidManifest.xml:12:22-77
23
24    <uses-feature
24-->[:unityLibrary] AndroidManifest.xml:14:5-17:31
25        android:name="android.hardware.vr.headtracking"
25-->[:unityLibrary] AndroidManifest.xml:15:9-56
26        android:required="true"
26-->[:unityLibrary] AndroidManifest.xml:16:9-32
27        android:version="1" />
27-->[:unityLibrary] AndroidManifest.xml:17:9-28
28    <uses-feature
28-->[:unityLibrary] AndroidManifest.xml:18:5-20:35
29        android:name="android.hardware.vulkan.version"
29-->[:unityLibrary] AndroidManifest.xml:19:9-55
30        android:required="true" />
30-->[:unityLibrary] AndroidManifest.xml:20:9-32
31    <uses-feature
31-->[:unityLibrary] AndroidManifest.xml:21:5-23:36
32        android:name="android.hardware.microphone"
32-->[:unityLibrary] AndroidManifest.xml:22:9-51
33        android:required="false" />
33-->[:unityLibrary] AndroidManifest.xml:23:9-33
34    <uses-feature
34-->[:unityLibrary] AndroidManifest.xml:24:5-26:36
35        android:name="android.hardware.touchscreen"
35-->[:unityLibrary] AndroidManifest.xml:25:9-52
36        android:required="false" />
36-->[:unityLibrary] AndroidManifest.xml:26:9-33
37    <uses-feature
37-->[:unityLibrary] AndroidManifest.xml:27:5-29:36
38        android:name="android.hardware.touchscreen.multitouch"
38-->[:unityLibrary] AndroidManifest.xml:28:9-63
39        android:required="false" />
39-->[:unityLibrary] AndroidManifest.xml:29:9-33
40    <uses-feature
40-->[:unityLibrary] AndroidManifest.xml:30:5-32:36
41        android:name="android.hardware.touchscreen.multitouch.distinct"
41-->[:unityLibrary] AndroidManifest.xml:31:9-72
42        android:required="false" />
42-->[:unityLibrary] AndroidManifest.xml:32:9-33
43    <uses-feature
43-->[:unityLibrary] AndroidManifest.xml:33:5-35:36
44        android:name="oculus.software.handtracking"
44-->[:unityLibrary] AndroidManifest.xml:34:9-52
45        android:required="false" />
45-->[:unityLibrary] AndroidManifest.xml:35:9-33
46
47    <uses-permission android:name="com.oculus.permission.HAND_TRACKING" />
47-->[:unityLibrary] AndroidManifest.xml:37:5-75
47-->[:unityLibrary] AndroidManifest.xml:37:22-72
48    <uses-permission android:name="com.oculus.permission.USE_ANCHOR_API" />
48-->[:unityLibrary] AndroidManifest.xml:38:5-76
48-->[:unityLibrary] AndroidManifest.xml:38:22-73
49
50    <uses-feature
50-->[:unityLibrary] AndroidManifest.xml:40:5-42:36
51        android:name="com.oculus.feature.PASSTHROUGH"
51-->[:unityLibrary] AndroidManifest.xml:41:9-54
52        android:required="false" />
52-->[:unityLibrary] AndroidManifest.xml:42:9-33
53    <uses-feature android:name="com.oculus.feature.RENDER_MODEL" />
53-->[:unityLibrary] AndroidManifest.xml:43:5-68
53-->[:unityLibrary] AndroidManifest.xml:43:19-65
54
55    <uses-permission android:name="com.oculus.permission.RENDER_MODEL" />
55-->[:unityLibrary] AndroidManifest.xml:45:5-74
55-->[:unityLibrary] AndroidManifest.xml:45:22-71
56
57    <uses-feature
57-->[:unityLibrary] AndroidManifest.xml:47:5-49:36
58        android:name="com.oculus.software.body_tracking"
58-->[:unityLibrary] AndroidManifest.xml:48:9-57
59        android:required="false" />
59-->[:unityLibrary] AndroidManifest.xml:49:9-33
60
61    <uses-permission android:name="com.oculus.permission.BODY_TRACKING" />
61-->[:unityLibrary] AndroidManifest.xml:51:5-75
61-->[:unityLibrary] AndroidManifest.xml:51:22-72
62
63    <uses-feature
63-->[:unityLibrary] AndroidManifest.xml:53:5-55:36
64        android:name="oculus.software.face_tracking"
64-->[:unityLibrary] AndroidManifest.xml:54:9-53
65        android:required="false" />
65-->[:unityLibrary] AndroidManifest.xml:55:9-33
66
67    <uses-permission android:name="com.oculus.permission.FACE_TRACKING" />
67-->[:unityLibrary] AndroidManifest.xml:57:5-75
67-->[:unityLibrary] AndroidManifest.xml:57:22-72
68
69    <uses-feature
69-->[:unityLibrary] AndroidManifest.xml:59:5-61:36
70        android:name="oculus.software.eye_tracking"
70-->[:unityLibrary] AndroidManifest.xml:60:9-52
71        android:required="false" />
71-->[:unityLibrary] AndroidManifest.xml:61:9-33
72
73    <uses-permission android:name="com.oculus.permission.EYE_TRACKING" />
73-->[:unityLibrary] AndroidManifest.xml:63:5-74
73-->[:unityLibrary] AndroidManifest.xml:63:22-71
74    <uses-permission android:name="com.oculus.permission.USE_SCENE" />
74-->[:unityLibrary] AndroidManifest.xml:64:5-71
74-->[:unityLibrary] AndroidManifest.xml:64:22-68
75
76    <application
76-->src/main/AndroidManifest.xml:3:3-83
77        android:allowBackup="false"
77-->[:unityLibrary] AndroidManifest.xml:67:9-36
78        android:appComponentFactory="androidx.core.app.CoreComponentFactory"
78-->[androidx.core:core:1.8.0] AndroidManifest.xml:24:18-86
79        android:extractNativeLibs="true"
80        android:icon="@mipmap/app_icon"
80-->src/main/AndroidManifest.xml:3:16-47
81        android:label="@string/app_name"
81-->src/main/AndroidManifest.xml:3:48-80
82        android:networkSecurityConfig="@xml/network_sec_config" >
82-->[:unityLibrary] AndroidManifest.xml:71:9-64
83        <meta-data
83-->[:unityLibrary] AndroidManifest.xml:72:9-74:37
84            android:name="unityplayer.SkipPermissionsDialog"
84-->[:unityLibrary] AndroidManifest.xml:73:13-61
85            android:value="false" />
85-->[:unityLibrary] AndroidManifest.xml:74:13-34
86        <meta-data
86-->[:unityLibrary] AndroidManifest.xml:75:9-77:39
87            android:name="com.samsung.android.vr.application.mode"
87-->[:unityLibrary] AndroidManifest.xml:76:13-67
88            android:value="vr_only" />
88-->[:unityLibrary] AndroidManifest.xml:77:13-36
89        <meta-data
89-->[:unityLibrary] AndroidManifest.xml:78:9-80:54
90            android:name="com.oculus.ossplash.background"
90-->[:unityLibrary] AndroidManifest.xml:79:13-58
91            android:value="passthrough-contextual" />
91-->[:unityLibrary] AndroidManifest.xml:80:13-51
92        <meta-data
92-->[:unityLibrary] AndroidManifest.xml:81:9-83:68
93            android:name="com.oculus.telemetry.project_guid"
93-->[:unityLibrary] AndroidManifest.xml:82:13-61
94            android:value="111d50da-7e0c-44bf-8048-fa8ecd1cc715" />
94-->[:unityLibrary] AndroidManifest.xml:83:13-65
95        <meta-data
95-->[:unityLibrary] AndroidManifest.xml:84:9-86:40
96            android:name="com.oculus.supportedDevices"
96-->[:unityLibrary] AndroidManifest.xml:85:13-55
97            android:value="questpro" />
97-->[:unityLibrary] AndroidManifest.xml:86:13-37
98        <meta-data
98-->[:unityLibrary] AndroidManifest.xml:87:9-89:33
99            android:name="unity.splash-mode"
99-->[:unityLibrary] AndroidManifest.xml:88:13-45
100            android:value="0" />
100-->[:unityLibrary] AndroidManifest.xml:89:13-30
101        <meta-data
101-->[:unityLibrary] AndroidManifest.xml:90:9-92:36
102            android:name="unity.splash-enable"
102-->[:unityLibrary] AndroidManifest.xml:91:13-47
103            android:value="True" />
103-->[:unityLibrary] AndroidManifest.xml:92:13-33
104        <meta-data
104-->[:unityLibrary] AndroidManifest.xml:93:9-95:36
105            android:name="unity.launch-fullscreen"
105-->[:unityLibrary] AndroidManifest.xml:94:13-51
106            android:value="True" />
106-->[:unityLibrary] AndroidManifest.xml:95:13-33
107        <meta-data
107-->[:unityLibrary] AndroidManifest.xml:96:9-98:36
108            android:name="unity.render-outside-safearea"
108-->[:unityLibrary] AndroidManifest.xml:97:13-57
109            android:value="True" />
109-->[:unityLibrary] AndroidManifest.xml:98:13-33
110        <meta-data
110-->[:unityLibrary] AndroidManifest.xml:99:9-101:50
111            android:name="notch.config"
111-->[:unityLibrary] AndroidManifest.xml:100:13-40
112            android:value="portrait|landscape" />
112-->[:unityLibrary] AndroidManifest.xml:101:13-47
113        <meta-data
113-->[:unityLibrary] AndroidManifest.xml:102:9-104:36
114            android:name="unity.auto-report-fully-drawn"
114-->[:unityLibrary] AndroidManifest.xml:103:13-57
115            android:value="true" />
115-->[:unityLibrary] AndroidManifest.xml:104:13-33
116        <meta-data
116-->[:unityLibrary] AndroidManifest.xml:105:9-107:36
117            android:name="unity.auto-set-game-state"
117-->[:unityLibrary] AndroidManifest.xml:106:13-53
118            android:value="true" />
118-->[:unityLibrary] AndroidManifest.xml:107:13-33
119        <meta-data
119-->[:unityLibrary] AndroidManifest.xml:108:9-110:36
120            android:name="unity.strip-engine-code"
120-->[:unityLibrary] AndroidManifest.xml:109:13-51
121            android:value="true" />
121-->[:unityLibrary] AndroidManifest.xml:110:13-33
122
123        <activity
123-->[:unityLibrary] AndroidManifest.xml:112:9-142:20
124            android:name="com.unity3d.player.UnityPlayerGameActivity"
124-->[:unityLibrary] AndroidManifest.xml:113:13-70
125            android:configChanges="keyboard|keyboardHidden|navigation|orientation|screenLayout|screenSize|uiMode|density"
125-->[:unityLibrary] AndroidManifest.xml:114:13-122
126            android:enabled="true"
126-->[:unityLibrary] AndroidManifest.xml:115:13-35
127            android:excludeFromRecents="true"
127-->[:unityLibrary] AndroidManifest.xml:116:13-46
128            android:exported="true"
128-->[:unityLibrary] AndroidManifest.xml:117:13-36
129            android:hardwareAccelerated="false"
129-->[:unityLibrary] AndroidManifest.xml:118:13-48
130            android:launchMode="singleTask"
130-->[:unityLibrary] AndroidManifest.xml:119:13-44
131            android:resizeableActivity="false"
131-->[:unityLibrary] AndroidManifest.xml:120:13-47
132            android:screenOrientation="landscape"
132-->[:unityLibrary] AndroidManifest.xml:121:13-50
133            android:theme="@style/BaseUnityGameActivityTheme" >
133-->[:unityLibrary] AndroidManifest.xml:122:13-62
134            <intent-filter>
134-->[:unityLibrary] AndroidManifest.xml:123:13-128:29
135                <category android:name="android.intent.category.LAUNCHER" />
135-->[:unityLibrary] AndroidManifest.xml:124:17-77
135-->[:unityLibrary] AndroidManifest.xml:124:27-74
136                <category android:name="com.oculus.intent.category.VR" />
136-->[:unityLibrary] AndroidManifest.xml:125:17-74
136-->[:unityLibrary] AndroidManifest.xml:125:27-71
137
138                <action android:name="android.intent.action.MAIN" />
138-->[:unityLibrary] AndroidManifest.xml:127:17-69
138-->[:unityLibrary] AndroidManifest.xml:127:25-66
139            </intent-filter>
140
141            <meta-data
141-->[:unityLibrary] AndroidManifest.xml:130:13-132:40
142                android:name="com.oculus.vr.focusaware"
142-->[:unityLibrary] AndroidManifest.xml:131:17-56
143                android:value="true" />
143-->[:unityLibrary] AndroidManifest.xml:132:17-37
144            <meta-data
144-->[:unityLibrary] AndroidManifest.xml:133:13-135:71
145                android:name="WindowManagerPreference:FreeformWindowSize"
145-->[:unityLibrary] AndroidManifest.xml:134:17-74
146                android:value="@string/FreeformWindowSize_maximize" />
146-->[:unityLibrary] AndroidManifest.xml:135:17-68
147            <meta-data
147-->[:unityLibrary] AndroidManifest.xml:136:13-138:79
148                android:name="WindowManagerPreference:FreeformWindowOrientation"
148-->[:unityLibrary] AndroidManifest.xml:137:17-81
149                android:value="@string/FreeformWindowOrientation_landscape" />
149-->[:unityLibrary] AndroidManifest.xml:138:17-76
150            <meta-data
150-->[:unityLibrary] AndroidManifest.xml:139:13-141:40
151                android:name="notch_support"
151-->[:unityLibrary] AndroidManifest.xml:140:17-45
152                android:value="true" />
152-->[:unityLibrary] AndroidManifest.xml:141:17-37
153        </activity>
154
155        <meta-data
155-->[:unityLibrary] AndroidManifest.xml:144:9-146:37
156            android:name="com.unity.xr.oculus.LowOverheadMode"
156-->[:unityLibrary] AndroidManifest.xml:145:13-63
157            android:value="false" />
157-->[:unityLibrary] AndroidManifest.xml:146:13-34
158        <meta-data
158-->[:unityLibrary] AndroidManifest.xml:147:9-149:37
159            android:name="com.unity.xr.oculus.LateLatching"
159-->[:unityLibrary] AndroidManifest.xml:148:13-60
160            android:value="false" />
160-->[:unityLibrary] AndroidManifest.xml:149:13-34
161        <meta-data
161-->[:unityLibrary] AndroidManifest.xml:150:9-152:37
162            android:name="com.unity.xr.oculus.LateLatchingDebug"
162-->[:unityLibrary] AndroidManifest.xml:151:13-65
163            android:value="false" />
163-->[:unityLibrary] AndroidManifest.xml:152:13-34
164        <meta-data
164-->[:unityLibrary] AndroidManifest.xml:153:9-155:35
165            android:name="com.oculus.handtracking.frequency"
165-->[:unityLibrary] AndroidManifest.xml:154:13-61
166            android:value="MAX" />
166-->[:unityLibrary] AndroidManifest.xml:155:13-32
167
168        <provider
168-->[androidx.emoji2:emoji2:1.2.0] AndroidManifest.xml:24:9-32:20
169            android:name="androidx.startup.InitializationProvider"
169-->[androidx.emoji2:emoji2:1.2.0] AndroidManifest.xml:25:13-67
170            android:authorities="com.zihanw_rit_uncanneyValley.androidx-startup"
170-->[androidx.emoji2:emoji2:1.2.0] AndroidManifest.xml:26:13-68
171            android:exported="false" >
171-->[androidx.emoji2:emoji2:1.2.0] AndroidManifest.xml:27:13-37
172            <meta-data
172-->[androidx.emoji2:emoji2:1.2.0] AndroidManifest.xml:29:13-31:52
173                android:name="androidx.emoji2.text.EmojiCompatInitializer"
173-->[androidx.emoji2:emoji2:1.2.0] AndroidManifest.xml:30:17-75
174                android:value="androidx.startup" />
174-->[androidx.emoji2:emoji2:1.2.0] AndroidManifest.xml:31:17-49
175            <meta-data
175-->[androidx.lifecycle:lifecycle-process:2.4.1] AndroidManifest.xml:31:13-33:52
176                android:name="androidx.lifecycle.ProcessLifecycleInitializer"
176-->[androidx.lifecycle:lifecycle-process:2.4.1] AndroidManifest.xml:32:17-78
177                android:value="androidx.startup" />
177-->[androidx.lifecycle:lifecycle-process:2.4.1] AndroidManifest.xml:33:17-49
178        </provider>
179    </application>
180
181</manifest>